0 verbose cli /home/vagrant/.nvm/versions/node/v19.2.0/bin/node /home/vagrant/.nvm/versions/node/v19.2.0/bin/npm
1 info using npm@9.2.0
2 info using node@v19.2.0
3 timing npm:load:whichnode Completed in 0ms
4 timing config:load:defaults Completed in 1ms
5 timing config:load:file:/home/vagrant/.nvm/versions/node/v19.2.0/lib/node_modules/npm/npmrc Completed in 0ms
6 timing config:load:builtin Completed in 0ms
7 timing config:load:cli Completed in 1ms
8 timing config:load:env Completed in 0ms
9 timing config:load:file:/home/vagrant/project/blog/.npmrc Completed in 1ms
10 timing config:load:project Completed in 44ms
11 timing config:load:file:/home/vagrant/.npmrc Completed in 0ms
12 timing config:load:user Completed in 1ms
13 timing config:load:file:/home/vagrant/.nvm/versions/node/v19.2.0/etc/npmrc Completed in 0ms
14 timing config:load:global Completed in 0ms
15 timing config:load:setEnvs Completed in 2ms
16 timing config:load Completed in 49ms
17 timing npm:load:configload Completed in 49ms
18 timing npm:load:mkdirpcache Completed in 1ms
19 timing npm:load:mkdirplogs Completed in 0ms
20 verbose title npm run dev
21 verbose argv "run" "dev"
22 timing npm:load:setTitle Completed in 3ms
23 timing config:load:flatten Completed in 3ms
24 timing npm:load:display Completed in 4ms
25 verbose logfile logs-max:10 dir:/home/vagrant/.npm/_logs/2023-01-12T07_25_25_909Z-
26 verbose logfile /home/vagrant/.npm/_logs/2023-01-12T07_25_25_909Z-debug-0.log
27 timing npm:load:logFile Completed in 4ms
28 timing npm:load:timers Completed in 0ms
29 timing npm:load:configScope Completed in 0ms
30 timing npm:load Completed in 62ms
31 silly logfile start cleaning logs, removing 1 files
32 timing config:load:flatten Completed in 1ms
33 silly logfile done cleaning log files
